  [1m[35m (0.3ms)[0m  [1m[34mSELECT sqlite_version(*)[0m
  [1m[35m (11.0ms)[0m  [1m[35mCREATE TABLE "schema_migrations" ("version" varchar NOT NULL PRIMARY KEY)[0m
  [1m[35m (6.6ms)[0m  [1m[35mCREATE TABLE "ar_internal_metadata" ("key" varchar NOT NULL PRIMARY KEY, "value" varchar, "created_at" datetime NOT NULL, "updated_at" datetime NOT NULL)[0m
  [1m[35m (0.5ms)[0m  [1m[34mSELECT "schema_migrations"."version" FROM "schema_migrations" ORDER BY "schema_migrations"."version" ASC[0m
Migrating to CreateUsers (20180424084223)
  [1m[35m (0.2ms)[0m  [1m[36mbegin transaction[0m
  [1m[35m (2.9ms)[0m  [1m[35mCREATE TABLE "users" ("id" INTEGER PRIMARY KEY AUTOINCREMENT NOT NULL, "name" text, "created_at" datetime NOT NULL, "updated_at" datetime NOT NULL)[0m
  [1m[35mSQL (0.6ms)[0m  [1m[32mINSERT INTO "schema_migrations" ("version") VALUES (?)[0m  [["version", "20180424084223"]]
  [1m[35m (5.9ms)[0m  [1m[36mcommit transaction[0m
  [1m[36mActiveRecord::InternalMetadata Load (1.0ms)[0m  [1m[34mSELECT  "ar_internal_metadata".* FROM "ar_internal_metadata" WHERE "ar_internal_metadata"."key" = ? LIMIT ?[0m  [["key", "environment"], ["LIMIT", 1]]
  [1m[35m (0.2ms)[0m  [1m[36mbegin transaction[0m
  [1m[35mSQL (0.8ms)[0m  [1m[32mINSERT INTO "ar_internal_metadata" ("key", "value", "created_at", "updated_at") VALUES (?, ?, ?, ?)[0m  [["key", "environment"], ["value", "development"], ["created_at", "2018-04-24 08:48:04.672840"], ["updated_at", "2018-04-24 08:48:04.672840"]]
  [1m[35m (8.1ms)[0m  [1m[36mcommit transaction[0m
  [1m[35m (0.5ms)[0m  [1m[34mSELECT "schema_migrations"."version" FROM "schema_migrations" ORDER BY "schema_migrations"."version" ASC[0m
  [1m[35m (0.5ms)[0m  [1m[34mSELECT "schema_migrations"."version" FROM "schema_migrations" ORDER BY "schema_migrations"."version" ASC[0m
Migrating to CreateArticles (20180424084842)
  [1m[35m (0.3ms)[0m  [1m[36mbegin transaction[0m
  [1m[35m (0.3ms)[0m  [1m[34mSELECT sqlite_version(*)[0m
  [1m[35m (0.9ms)[0m  [1m[35mCREATE TABLE "articles" ("id" INTEGER PRIMARY KEY AUTOINCREMENT NOT NULL, "title" text, "body" text, "description" text, "created_at" datetime NOT NULL, "updated_at" datetime NOT NULL)[0m
  [1m[35mSQL (0.7ms)[0m  [1m[32mINSERT INTO "schema_migrations" ("version") VALUES (?)[0m  [["version", "20180424084842"]]
  [1m[35m (29.4ms)[0m  [1m[36mcommit transaction[0m
Migrating to CreateCategories (20180424085154)
  [1m[35m (0.2ms)[0m  [1m[36mbegin transaction[0m
  [1m[35m (1.1ms)[0m  [1m[35mCREATE TABLE "categories" ("id" INTEGER PRIMARY KEY AUTOINCREMENT NOT NULL, "name" text, "created_at" datetime NOT NULL, "updated_at" datetime NOT NULL)[0m
  [1m[35mSQL (0.5ms)[0m  [1m[32mINSERT INTO "schema_migrations" ("version") VALUES (?)[0m  [["version", "20180424085154"]]
  [1m[35m (6.6ms)[0m  [1m[36mcommit transaction[0m
  [1m[36mActiveRecord::InternalMetadata Load (0.8ms)[0m  [1m[34mSELECT  "ar_internal_metadata".* FROM "ar_internal_metadata" WHERE "ar_internal_metadata"."key" = ? LIMIT ?[0m  [["key", "environment"], ["LIMIT", 1]]
  [1m[35m (0.2ms)[0m  [1m[36mbegin transaction[0m
  [1m[35m (0.2ms)[0m  [1m[36mcommit transaction[0m
  [1m[35m (0.6ms)[0m  [1m[34mSELECT "schema_migrations"."version" FROM "schema_migrations" ORDER BY "schema_migrations"."version" ASC[0m
  [1m[35m (0.6ms)[0m  [1m[34mSELECT "schema_migrations"."version" FROM "schema_migrations" ORDER BY "schema_migrations"."version" ASC[0m
  [1m[36mActiveRecord::InternalMetadata Load (1.9ms)[0m  [1m[34mSELECT  "ar_internal_metadata".* FROM "ar_internal_metadata" WHERE "ar_internal_metadata"."key" = ? LIMIT ?[0m  [["key", "environment"], ["LIMIT", 1]]
  [1m[35m (0.2ms)[0m  [1m[36mbegin transaction[0m
  [1m[35m (0.2ms)[0m  [1m[36mcommit transaction[0m
  [1m[35m (0.4ms)[0m  [1m[34mSELECT "schema_migrations"."version" FROM "schema_migrations" ORDER BY "schema_migrations"."version" ASC[0m
  [1m[35m (0.6ms)[0m  [1m[34mSELECT "schema_migrations"."version" FROM "schema_migrations" ORDER BY "schema_migrations"."version" ASC[0m
Migrating to CreateArticles (20180424095803)
  [1m[35m (0.2ms)[0m  [1m[36mbegin transaction[0m
  [1m[35m (0.3ms)[0m  [1m[34mSELECT sqlite_version(*)[0m
  [1m[35m (0.8ms)[0m  [1m[35mCREATE TABLE "articles" ("id" INTEGER PRIMARY KEY AUTOINCREMENT NOT NULL, "name" varchar, "body" text, "description" text, "user_id" integer, "created_at" datetime NOT NULL, "updated_at" datetime NOT NULL)[0m
  [1m[35m (0.2ms)[0m  [1m[31mrollback transaction[0m
  [1m[35m (1.6ms)[0m  [1m[34mSELECT "schema_migrations"."version" FROM "schema_migrations" ORDER BY "schema_migrations"."version" ASC[0m
Migrating to CreateArticles (20180424095803)
  [1m[35m (0.2ms)[0m  [1m[36mbegin transaction[0m
  [1m[35m (0.3ms)[0m  [1m[34mSELECT sqlite_version(*)[0m
  [1m[35m (0.7ms)[0m  [1m[35mCREATE TABLE "articles" ("id" INTEGER PRIMARY KEY AUTOINCREMENT NOT NULL, "name" varchar, "body" text, "description" text, "user_id" integer, "created_at" datetime NOT NULL, "updated_at" datetime NOT NULL)[0m
  [1m[35m (0.2ms)[0m  [1m[31mrollback transaction[0m
  [1m[35m (0.6ms)[0m  [1m[34mSELECT "schema_migrations"."version" FROM "schema_migrations" ORDER BY "schema_migrations"."version" ASC[0m
Migrating to CreateArticles (20180424095803)
  [1m[35m (0.2ms)[0m  [1m[36mbegin transaction[0m
  [1m[35m (0.4ms)[0m  [1m[34mSELECT sqlite_version(*)[0m
  [1m[35m (1.2ms)[0m  [1m[35mCREATE TABLE "articles" ("id" INTEGER PRIMARY KEY AUTOINCREMENT NOT NULL, "name" varchar, "body" text, "description" text, "user_id" integer, "created_at" datetime NOT NULL, "updated_at" datetime NOT NULL)[0m
  [1m[35m (0.2ms)[0m  [1m[31mrollback transaction[0m
  [1m[35m (0.6ms)[0m  [1m[34mSELECT "schema_migrations"."version" FROM "schema_migrations" ORDER BY "schema_migrations"."version" ASC[0m
Migrating to CreateArticles (20180424095803)
  [1m[35m (0.2ms)[0m  [1m[36mbegin transaction[0m
  [1m[35m (0.4ms)[0m  [1m[34mSELECT sqlite_version(*)[0m
  [1m[35m (4.7ms)[0m  [1m[35mCREATE TABLE "articles" ("id" INTEGER PRIMARY KEY AUTOINCREMENT NOT NULL, "name" varchar, "body" text, "description" text, "user_id" integer, "created_at" datetime NOT NULL, "updated_at" datetime NOT NULL)[0m
  [1m[35mSQL (0.7ms)[0m  [1m[32mINSERT INTO "schema_migrations" ("version") VALUES (?)[0m  [["version", "20180424095803"]]
  [1m[35m (44.1ms)[0m  [1m[36mcommit transaction[0m
Migrating to ModifyArticle (20180424095931)
  [1m[35m (0.2ms)[0m  [1m[36mbegin transaction[0m
  [1m[35mSQL (3.7ms)[0m  [1m[32mINSERT INTO "schema_migrations" ("version") VALUES (?)[0m  [["version", "20180424095931"]]
  [1m[35m (7.1ms)[0m  [1m[36mcommit transaction[0m
  [1m[36mActiveRecord::InternalMetadata Load (1.1ms)[0m  [1m[34mSELECT  "ar_internal_metadata".* FROM "ar_internal_metadata" WHERE "ar_internal_metadata"."key" = ? LIMIT ?[0m  [["key", "environment"], ["LIMIT", 1]]
  [1m[35m (0.3ms)[0m  [1m[36mbegin transaction[0m
  [1m[35m (0.2ms)[0m  [1m[36mcommit transaction[0m
  [1m[35m (0.8ms)[0m  [1m[34mSELECT "schema_migrations"."version" FROM "schema_migrations" ORDER BY "schema_migrations"."version" ASC[0m
  [1m[35m (0.7ms)[0m  [1m[34mSELECT "schema_migrations"."version" FROM "schema_migrations" ORDER BY "schema_migrations"."version" ASC[0m
  [1m[36mActiveRecord::InternalMetadata Load (28.3ms)[0m  [1m[34mSELECT  "ar_internal_metadata".* FROM "ar_internal_metadata" WHERE "ar_internal_metadata"."key" = ? LIMIT ?[0m  [["key", "environment"], ["LIMIT", 1]]
  [1m[35m (0.2ms)[0m  [1m[36mbegin transaction[0m
  [1m[35m (0.2ms)[0m  [1m[36mcommit transaction[0m
  [1m[35m (0.3ms)[0m  [1m[34mSELECT "schema_migrations"."version" FROM "schema_migrations" ORDER BY "schema_migrations"."version" ASC[0m
  [1m[35m (0.6ms)[0m  [1m[34mSELECT "schema_migrations"."version" FROM "schema_migrations" ORDER BY "schema_migrations"."version" ASC[0m
Migrating to CreateUsers (20180424101043)
  [1m[35m (0.2ms)[0m  [1m[36mbegin transaction[0m
  [1m[35m (0.3ms)[0m  [1m[34mSELECT sqlite_version(*)[0m
  [1m[35m (4.4ms)[0m  [1m[35mCREATE TABLE "users" ("id" INTEGER PRIMARY KEY AUTOINCREMENT NOT NULL, "name" varchar, "created_at" datetime NOT NULL, "updated_at" datetime NOT NULL)[0m
  [1m[35mSQL (0.8ms)[0m  [1m[32mINSERT INTO "schema_migrations" ("version") VALUES (?)[0m  [["version", "20180424101043"]]
  [1m[35m (31.5ms)[0m  [1m[36mcommit transaction[0m
Migrating to CreateArticles (20180424101526)
  [1m[35m (0.3ms)[0m  [1m[36mbegin transaction[0m
  [1m[35m (1.6ms)[0m  [1m[35mCREATE TABLE "articles" ("id" INTEGER PRIMARY KEY AUTOINCREMENT NOT NULL, "nom" varchar, "body" text, "description" text, "user_id" integer, "created_at" datetime NOT NULL, "updated_at" datetime NOT NULL)[0m
  [1m[35mSQL (0.7ms)[0m  [1m[32mINSERT INTO "schema_migrations" ("version") VALUES (?)[0m  [["version", "20180424101526"]]
  [1m[35m (7.8ms)[0m  [1m[36mcommit transaction[0m
Migrating to CreateCategories (20180424101739)
  [1m[35m (0.2ms)[0m  [1m[36mbegin transaction[0m
  [1m[35m (1.5ms)[0m  [1m[35mCREATE TABLE "categories" ("id" INTEGER PRIMARY KEY AUTOINCREMENT NOT NULL, "name" varchar, "created_at" datetime NOT NULL, "updated_at" datetime NOT NULL)[0m
  [1m[35mSQL (0.8ms)[0m  [1m[32mINSERT INTO "schema_migrations" ("version") VALUES (?)[0m  [["version", "20180424101739"]]
  [1m[35m (5.3ms)[0m  [1m[36mcommit transaction[0m
  [1m[36mActiveRecord::InternalMetadata Load (0.6ms)[0m  [1m[34mSELECT  "ar_internal_metadata".* FROM "ar_internal_metadata" WHERE "ar_internal_metadata"."key" = ? LIMIT ?[0m  [["key", "environment"], ["LIMIT", 1]]
  [1m[35m (0.3ms)[0m  [1m[36mbegin transaction[0m
  [1m[35m (0.2ms)[0m  [1m[36mcommit transaction[0m
  [1m[35m (0.7ms)[0m  [1m[34mSELECT "schema_migrations"."version" FROM "schema_migrations" ORDER BY "schema_migrations"."version" ASC[0m
  [1m[35m (0.6ms)[0m  [1m[34mSELECT "schema_migrations"."version" FROM "schema_migrations" ORDER BY "schema_migrations"."version" ASC[0m
Migrating to AddColumnCategoryId (20180424102144)
  [1m[35m (0.2ms)[0m  [1m[36mbegin transaction[0m
  [1m[35m (1.2ms)[0m  [1m[35mALTER TABLE "categories" ADD "article_id" integer[0m
  [1m[35mSQL (0.9ms)[0m  [1m[32mINSERT INTO "schema_migrations" ("version") VALUES (?)[0m  [["version", "20180424102144"]]
  [1m[35m (31.3ms)[0m  [1m[36mcommit transaction[0m
  [1m[36mActiveRecord::InternalMetadata Load (0.9ms)[0m  [1m[34mSELECT  "ar_internal_metadata".* FROM "ar_internal_metadata" WHERE "ar_internal_metadata"."key" = ? LIMIT ?[0m  [["key", "environment"], ["LIMIT", 1]]
  [1m[35m (0.2ms)[0m  [1m[36mbegin transaction[0m
  [1m[35m (0.2ms)[0m  [1m[36mcommit transaction[0m
  [1m[35m (0.6ms)[0m  [1m[34mSELECT "schema_migrations"."version" FROM "schema_migrations" ORDER BY "schema_migrations"."version" ASC[0m
  [1m[35m (0.2ms)[0m  [1m[36mbegin transaction[0m
  [1m[35mSQL (2.1ms)[0m  [1m[32mINSERT INTO "users" ("created_at", "updated_at") VALUES (?, ?)[0m  [["created_at", "2018-04-24 10:28:05.907757"], ["updated_at", "2018-04-24 10:28:05.907757"]]
  [1m[35m (7.9ms)[0m  [1m[36mcommit transaction[0m
  [1m[35m (0.4ms)[0m  [1m[36mbegin transaction[0m
  [1m[35mSQL (0.9ms)[0m  [1m[32mINSERT INTO "articles" ("created_at", "updated_at") VALUES (?, ?)[0m  [["created_at", "2018-04-24 10:28:05.977079"], ["updated_at", "2018-04-24 10:28:05.977079"]]
  [1m[35m (10.6ms)[0m  [1m[36mcommit transaction[0m
  [1m[35m (0.6ms)[0m  [1m[34mSELECT "schema_migrations"."version" FROM "schema_migrations" ORDER BY "schema_migrations"."version" ASC[0m
Migrating to AddColumnArticleToUser (20180424103047)
  [1m[35m (0.2ms)[0m  [1m[36mbegin transaction[0m
  [1m[35m (4.2ms)[0m  [1m[35mALTER TABLE "users" ADD "article" object[0m
  [1m[35mSQL (2.1ms)[0m  [1m[32mINSERT INTO "schema_migrations" ("version") VALUES (?)[0m  [["version", "20180424103047"]]
  [1m[35m (32.9ms)[0m  [1m[36mcommit transaction[0m
  [1m[36mActiveRecord::InternalMetadata Load (0.6ms)[0m  [1m[34mSELECT  "ar_internal_metadata".* FROM "ar_internal_metadata" WHERE "ar_internal_metadata"."key" = ? LIMIT ?[0m  [["key", "environment"], ["LIMIT", 1]]
  [1m[35m (0.2ms)[0m  [1m[36mbegin transaction[0m
  [1m[35m (0.2ms)[0m  [1m[36mcommit transaction[0m
  [1m[35m (0.5ms)[0m  [1m[34mSELECT "schema_migrations"."version" FROM "schema_migrations" ORDER BY "schema_migrations"."version" ASC[0m
  [1m[35m (0.2ms)[0m  [1m[36mbegin transaction[0m
  [1m[35mSQL (1.0ms)[0m  [1m[32mINSERT INTO "users" ("created_at", "updated_at") VALUES (?, ?)[0m  [["created_at", "2018-04-24 10:36:58.072721"], ["updated_at", "2018-04-24 10:36:58.072721"]]
  [1m[35m (31.2ms)[0m  [1m[36mcommit transaction[0m
  [1m[35m (0.2ms)[0m  [1m[36mbegin transaction[0m
  [1m[35mSQL (0.9ms)[0m  [1m[32mINSERT INTO "articles" ("created_at", "updated_at") VALUES (?, ?)[0m  [["created_at", "2018-04-24 10:36:58.168324"], ["updated_at", "2018-04-24 10:36:58.168324"]]
  [1m[35m (11.0ms)[0m  [1m[36mcommit transaction[0m
  [1m[35m (0.4ms)[0m  [1m[36mbegin transaction[0m
  [1m[35mSQL (3.3ms)[0m  [1m[33mUPDATE "articles" SET "nom" = ?, "updated_at" = ? WHERE "articles"."id" = ?[0m  [["nom", "Coucou"], ["updated_at", "2018-04-24 10:39:35.080009"], ["id", 2]]
  [1m[35m (32.7ms)[0m  [1m[36mcommit transaction[0m
  [1m[35m (0.2ms)[0m  [1m[36mbegin transaction[0m
  [1m[35mSQL (1.6ms)[0m  [1m[33mUPDATE "users" SET "updated_at" = ?, "article" = ? WHERE "users"."id" = ?[0m  [["updated_at", "2018-04-24 10:40:29.808392"], ["article", 2], ["id", 2]]
  [1m[35m (28.1ms)[0m  [1m[36mcommit transaction[0m
  [1m[35m (0.6ms)[0m  [1m[34mSELECT "schema_migrations"."version" FROM "schema_migrations" ORDER BY "schema_migrations"."version" ASC[0m
  [1m[36mUser Load (37.1ms)[0m  [1m[34mSELECT  "users".* FROM "users" LIMIT ?[0m  [["LIMIT", 11]]
  [1m[35m (0.7ms)[0m  [1m[34mSELECT "schema_migrations"."version" FROM "schema_migrations" ORDER BY "schema_migrations"."version" ASC[0m
  [1m[35m (0.6ms)[0m  [1m[34mSELECT "schema_migrations"."version" FROM "schema_migrations" ORDER BY "schema_migrations"."version" ASC[0m
  [1m[35m (0.2ms)[0m  [1m[36mbegin transaction[0m
  [1m[35mSQL (6.8ms)[0m  [1m[32mINSERT INTO "users" ("name", "created_at", "updated_at") VALUES (?, ?, ?)[0m  [["name", "Mrs. Arturo Little"], ["created_at", "2018-04-24 11:06:23.934114"], ["updated_at", "2018-04-24 11:06:23.934114"]]
  [1m[35m (10.1ms)[0m  [1m[36mcommit transaction[0m
  [1m[35m (0.2ms)[0m  [1m[36mbegin transaction[0m
  [1m[35mSQL (4.3ms)[0m  [1m[32mINSERT INTO "articles" ("nom", "body", "description", "created_at", "updated_at") VALUES (?, ?, ?, ?, ?)[0m  [["nom", "Jackie Keeling"], ["body", "Doloremque tempora accusantium."], ["description", "Temporibus totam quis voluptate veniam neque reiciendis nihil quia."], ["created_at", "2018-04-24 11:06:23.987465"], ["updated_at", "2018-04-24 11:06:23.987465"]]
  [1m[35m (10.5ms)[0m  [1m[36mcommit transaction[0m
  [1m[36mUser Load (3.7ms)[0m  [1m[34mSELECT  "users".* FROM "users" LIMIT ?[0m  [["LIMIT", 11]]
  [1m[36mArticle Load (1.4ms)[0m  [1m[34mSELECT  "articles".* FROM "articles" LIMIT ?[0m  [["LIMIT", 11]]
  [1m[35m (0.6ms)[0m  [1m[34mSELECT "schema_migrations"."version" FROM "schema_migrations" ORDER BY "schema_migrations"."version" ASC[0m
  [1m[36mActiveRecord::InternalMetadata Load (2.3ms)[0m  [1m[34mSELECT  "ar_internal_metadata".* FROM "ar_internal_metadata" WHERE "ar_internal_metadata"."key" = ? LIMIT ?[0m  [["key", "environment"], ["LIMIT", 1]]
  [1m[35m (0.2ms)[0m  [1m[36mbegin transaction[0m
  [1m[35m (0.2ms)[0m  [1m[36mcommit transaction[0m
  [1m[35m (0.4ms)[0m  [1m[34mSELECT "schema_migrations"."version" FROM "schema_migrations" ORDER BY "schema_migrations"."version" ASC[0m
  [1m[35m (0.7ms)[0m  [1m[34mSELECT "schema_migrations"."version" FROM "schema_migrations" ORDER BY "schema_migrations"."version" ASC[0m
  [1m[35m (0.2ms)[0m  [1m[36mbegin transaction[0m
  [1m[35mSQL (9.0ms)[0m  [1m[32mINSERT INTO "users" ("name", "created_at", "updated_at", "article") VALUES (?, ?, ?, ?)[0m  [["name", "Miss Ashtyn Cummerata"], ["created_at", "2018-04-24 12:09:54.058339"], ["updated_at", "2018-04-24 12:09:54.058339"], ["article", "Laudantium natus ut earum aut sed qui similique."]]
  [1m[35m (4.7ms)[0m  [1m[36mcommit transaction[0m
  [1m[35m (0.2ms)[0m  [1m[36mbegin transaction[0m
  [1m[35mSQL (0.9ms)[0m  [1m[32mINSERT INTO "users" ("name", "created_at", "updated_at", "article") VALUES (?, ?, ?, ?)[0m  [["name", "Easter Mraz"], ["created_at", "2018-04-24 12:09:54.086279"], ["updated_at", "2018-04-24 12:09:54.086279"], ["article", "Voluptas magni eaque voluptatem a."]]
  [1m[35m (6.5ms)[0m  [1m[36mcommit transaction[0m
  [1m[35m (0.2ms)[0m  [1m[36mbegin transaction[0m
  [1m[35mSQL (1.2ms)[0m  [1m[32mINSERT INTO "users" ("name", "created_at", "updated_at", "article") VALUES (?, ?, ?, ?)[0m  [["name", "Dr. Luis Lakin"], ["created_at", "2018-04-24 12:09:54.105536"], ["updated_at", "2018-04-24 12:09:54.105536"], ["article", "Recusandae laboriosam veritatis molestiae necessitatibus."]]
  [1m[35m (7.1ms)[0m  [1m[36mcommit transaction[0m
  [1m[35m (0.2ms)[0m  [1m[36mbegin transaction[0m
  [1m[35mSQL (0.9ms)[0m  [1m[32mINSERT INTO "users" ("name", "created_at", "updated_at", "article") VALUES (?, ?, ?, ?)[0m  [["name", "Gina Huel"], ["created_at", "2018-04-24 12:09:54.121414"], ["updated_at", "2018-04-24 12:09:54.121414"], ["article", "Quia in est quasi ducimus modi qui itaque."]]
  [1m[35m (4.9ms)[0m  [1m[36mcommit transaction[0m
  [1m[35m (0.2ms)[0m  [1m[36mbegin transaction[0m
  [1m[35mSQL (0.9ms)[0m  [1m[32mINSERT INTO "users" ("name", "created_at", "updated_at", "article") VALUES (?, ?, ?, ?)[0m  [["name", "Quinten Schuppe"], ["created_at", "2018-04-24 12:09:54.137792"], ["updated_at", "2018-04-24 12:09:54.137792"], ["article", "Sed nihil non iusto vitae."]]
  [1m[35m (6.5ms)[0m  [1m[36mcommit transaction[0m
  [1m[35m (0.3ms)[0m  [1m[36mbegin transaction[0m
  [1m[35mSQL (0.9ms)[0m  [1m[32mINSERT INTO "users" ("name", "created_at", "updated_at", "article") VALUES (?, ?, ?, ?)[0m  [["name", "Ms. Gudrun Ziemann"], ["created_at", "2018-04-24 12:09:54.153874"], ["updated_at", "2018-04-24 12:09:54.153874"], ["article", "Reiciendis vero aut dolore hic officiis fugiat."]]
  [1m[35m (11.3ms)[0m  [1m[36mcommit transaction[0m
  [1m[35m (0.2ms)[0m  [1m[36mbegin transaction[0m
  [1m[35mSQL (0.9ms)[0m  [1m[32mINSERT INTO "users" ("name", "created_at", "updated_at", "article") VALUES (?, ?, ?, ?)[0m  [["name", "Rhianna Homenick"], ["created_at", "2018-04-24 12:09:54.172441"], ["updated_at", "2018-04-24 12:09:54.172441"], ["article", "Enim dignissimos exercitationem nam saepe quasi et rerum."]]
  [1m[35m (16.1ms)[0m  [1m[36mcommit transaction[0m
  [1m[35m (0.3ms)[0m  [1m[36mbegin transaction[0m
  [1m[35mSQL (1.0ms)[0m  [1m[32mINSERT INTO "users" ("name", "created_at", "updated_at", "article") VALUES (?, ?, ?, ?)[0m  [["name", "Mrs. Stanton Veum"], ["created_at", "2018-04-24 12:09:54.198907"], ["updated_at", "2018-04-24 12:09:54.198907"], ["article", "Et amet odio qui molestiae eos sapiente."]]
  [1m[35m (7.3ms)[0m  [1m[36mcommit transaction[0m
  [1m[35m (0.2ms)[0m  [1m[36mbegin transaction[0m
  [1m[35mSQL (1.1ms)[0m  [1m[32mINSERT INTO "users" ("name", "created_at", "updated_at", "article") VALUES (?, ?, ?, ?)[0m  [["name", "Imogene Heaney"], ["created_at", "2018-04-24 12:09:54.214994"], ["updated_at", "2018-04-24 12:09:54.214994"], ["article", "Omnis qui reprehenderit eaque eligendi assumenda magni."]]
  [1m[35m (6.0ms)[0m  [1m[36mcommit transaction[0m
  [1m[35m (0.2ms)[0m  [1m[36mbegin transaction[0m
  [1m[35mSQL (0.9ms)[0m  [1m[32mINSERT INTO "users" ("name", "created_at", "updated_at", "article") VALUES (?, ?, ?, ?)[0m  [["name", "Ashlee Littel"], ["created_at", "2018-04-24 12:09:54.237682"], ["updated_at", "2018-04-24 12:09:54.237682"], ["article", "Ratione modi adipisci saepe occaecati ab."]]
  [1m[35m (5.2ms)[0m  [1m[36mcommit transaction[0m
  [1m[36mUser Load (3.5ms)[0m  [1m[34mSELECT  "users".* FROM "users" LIMIT ?[0m  [["LIMIT", 11]]
  [1m[36mArticle Load (1.3ms)[0m  [1m[34mSELECT  "articles".* FROM "articles" LIMIT ?[0m  [["LIMIT", 11]]
  [1m[35m (0.7ms)[0m  [1m[34mSELECT "schema_migrations"."version" FROM "schema_migrations" ORDER BY "schema_migrations"."version" ASC[0m
  [1m[36mActiveRecord::InternalMetadata Load (2.8ms)[0m  [1m[34mSELECT  "ar_internal_metadata".* FROM "ar_internal_metadata" WHERE "ar_internal_metadata"."key" = ? LIMIT ?[0m  [["key", "environment"], ["LIMIT", 1]]
  [1m[35m (0.2ms)[0m  [1m[36mbegin transaction[0m
  [1m[35m (0.2ms)[0m  [1m[36mcommit transaction[0m
  [1m[35m (0.4ms)[0m  [1m[34mSELECT "schema_migrations"."version" FROM "schema_migrations" ORDER BY "schema_migrations"."version" ASC[0m
  [1m[35m (0.6ms)[0m  [1m[34mSELECT "schema_migrations"."version" FROM "schema_migrations" ORDER BY "schema_migrations"."version" ASC[0m
  [1m[35m (0.2ms)[0m  [1m[36mbegin transaction[0m
  [1m[35mSQL (10.8ms)[0m  [1m[32mINSERT INTO "users" ("name", "created_at", "updated_at", "article") VALUES (?, ?, ?, ?)[0m  [["name", "Rosendo Blick"], ["created_at", "2018-04-24 12:13:24.158013"], ["updated_at", "2018-04-24 12:13:24.158013"], ["article", "Voluptatibus eaque velit qui."]]
  [1m[35m (8.8ms)[0m  [1m[36mcommit transaction[0m
  [1m[35m (0.2ms)[0m  [1m[36mbegin transaction[0m
  [1m[35mSQL (0.9ms)[0m  [1m[32mINSERT INTO "articles" ("nom", "body", "description", "created_at", "updated_at") VALUES (?, ?, ?, ?, ?)[0m  [["nom", "German Jones"], ["body", "Amet quidem voluptas omnis distinctio molestias sit."], ["description", "Ut excepturi et et autem rem."], ["created_at", "2018-04-24 12:13:24.213367"], ["updated_at", "2018-04-24 12:13:24.213367"]]
  [1m[35m (20.0ms)[0m  [1m[36mcommit transaction[0m
  [1m[35m (0.2ms)[0m  [1m[36mbegin transaction[0m
  [1m[35mSQL (0.9ms)[0m  [1m[32mINSERT INTO "users" ("name", "created_at", "updated_at", "article") VALUES (?, ?, ?, ?)[0m  [["name", "Corine Bartell"], ["created_at", "2018-04-24 12:13:24.243602"], ["updated_at", "2018-04-24 12:13:24.243602"], ["article", "Esse quos voluptatem architecto saepe modi in numquam."]]
  [1m[35m (4.4ms)[0m  [1m[36mcommit transaction[0m
  [1m[35m (0.2ms)[0m  [1m[36mbegin transaction[0m
  [1m[35mSQL (0.9ms)[0m  [1m[32mINSERT INTO "articles" ("nom", "body", "description", "created_at", "updated_at") VALUES (?, ?, ?, ?, ?)[0m  [["nom", "Oceane O'Hara"], ["body", "Eaque nostrum cum deleniti qui non corporis soluta."], ["description", "Velit consequatur consequatur dolor et illum non."], ["created_at", "2018-04-24 12:13:24.254560"], ["updated_at", "2018-04-24 12:13:24.254560"]]
  [1m[35m (8.0ms)[0m  [1m[36mcommit transaction[0m
  [1m[35m (0.3ms)[0m  [1m[36mbegin transaction[0m
  [1m[35mSQL (0.9ms)[0m  [1m[32mINSERT INTO "users" ("name", "created_at", "updated_at", "article") VALUES (?, ?, ?, ?)[0m  [["name", "Miss Leonard Hagenes"], ["created_at", "2018-04-24 12:13:24.278523"], ["updated_at", "2018-04-24 12:13:24.278523"], ["article", "Non voluptas id velit nihil omnis."]]
  [1m[35m (6.4ms)[0m  [1m[36mcommit transaction[0m
  [1m[35m (0.2ms)[0m  [1m[36mbegin transaction[0m
  [1m[35mSQL (0.9ms)[0m  [1m[32mINSERT INTO "articles" ("nom", "body", "description", "created_at", "updated_at") VALUES (?, ?, ?, ?, ?)[0m  [["nom", "Ms. Yessenia Hayes"], ["body", "Adipisci nihil quos fuga quia."], ["description", "Consequuntur architecto consectetur commodi tempora vero similique."], ["created_at", "2018-04-24 12:13:24.295044"], ["updated_at", "2018-04-24 12:13:24.295044"]]
  [1m[35m (7.7ms)[0m  [1m[36mcommit transaction[0m
  [1m[35m (0.2ms)[0m  [1m[36mbegin transaction[0m
  [1m[35mSQL (0.8ms)[0m  [1m[32mINSERT INTO "users" ("name", "created_at", "updated_at", "article") VALUES (?, ?, ?, ?)[0m  [["name", "Keanu Walker"], ["created_at", "2018-04-24 12:13:24.309461"], ["updated_at", "2018-04-24 12:13:24.309461"], ["article", "Omnis aut exercitationem et porro voluptas est."]]
  [1m[35m (14.9ms)[0m  [1m[36mcommit transaction[0m
  [1m[35m (0.2ms)[0m  [1m[36mbegin transaction[0m
  [1m[35mSQL (0.9ms)[0m  [1m[32mINSERT INTO "articles" ("nom", "body", "description", "created_at", "updated_at") VALUES (?, ?, ?, ?, ?)[0m  [["nom", "Garret Ward"], ["body", "Velit eius minus culpa molestias ad."], ["description", "Nihil quis similique nemo consectetur provident."], ["created_at", "2018-04-24 12:13:24.337813"], ["updated_at", "2018-04-24 12:13:24.337813"]]
  [1m[35m (11.9ms)[0m  [1m[36mcommit transaction[0m
  [1m[35m (0.4ms)[0m  [1m[36mbegin transaction[0m
  [1m[35mSQL (1.1ms)[0m  [1m[32mINSERT INTO "users" ("name", "created_at", "updated_at", "article") VALUES (?, ?, ?, ?)[0m  [["name", "Mattie MacGyver"], ["created_at", "2018-04-24 12:13:24.362012"], ["updated_at", "2018-04-24 12:13:24.362012"], ["article", "Vero voluptatem natus illo est aperiam veniam non sint."]]
  [1m[35m (8.3ms)[0m  [1m[36mcommit transaction[0m
  [1m[35m (0.2ms)[0m  [1m[36mbegin transaction[0m
  [1m[35mSQL (1.0ms)[0m  [1m[32mINSERT INTO "articles" ("nom", "body", "description", "created_at", "updated_at") VALUES (?, ?, ?, ?, ?)[0m  [["nom", "Jermaine Friesen"], ["body", "Reiciendis illum commodi libero earum vitae officiis sunt."], ["description", "Adipisci eaque cum enim odit ratione."], ["created_at", "2018-04-24 12:13:24.378965"], ["updated_at", "2018-04-24 12:13:24.378965"]]
  [1m[35m (5.7ms)[0m  [1m[36mcommit transaction[0m
  [1m[35m (0.2ms)[0m  [1m[36mbegin transaction[0m
  [1m[35mSQL (0.9ms)[0m  [1m[32mINSERT INTO "users" ("name", "created_at", "updated_at", "article") VALUES (?, ?, ?, ?)[0m  [["name", "Keara Maggio"], ["created_at", "2018-04-24 12:13:24.401125"], ["updated_at", "2018-04-24 12:13:24.401125"], ["article", "Voluptas consequatur omnis quia placeat distinctio neque."]]
  [1m[35m (4.7ms)[0m  [1m[36mcommit transaction[0m
  [1m[35m (0.2ms)[0m  [1m[36mbegin transaction[0m
  [1m[35mSQL (1.0ms)[0m  [1m[32mINSERT INTO "articles" ("nom", "body", "description", "created_at", "updated_at") VALUES (?, ?, ?, ?, ?)[0m  [["nom", "Dr. Rosella O'Hara"], ["body", "Odio autem quas deleniti soluta ex rerum reprehenderit."], ["description", "Dignissimos consequatur repellat quis enim id."], ["created_at", "2018-04-24 12:13:24.417200"], ["updated_at", "2018-04-24 12:13:24.417200"]]
  [1m[35m (4.4ms)[0m  [1m[36mcommit transaction[0m
  [1m[35m (0.2ms)[0m  [1m[36mbegin transaction[0m
  [1m[35mSQL (1.1ms)[0m  [1m[32mINSERT INTO "users" ("name", "created_at", "updated_at", "article") VALUES (?, ?, ?, ?)[0m  [["name", "Madge Aufderhar"], ["created_at", "2018-04-24 12:13:24.434161"], ["updated_at", "2018-04-24 12:13:24.434161"], ["article", "Unde ut fuga dolor."]]
  [1m[35m (6.0ms)[0m  [1m[36mcommit transaction[0m
  [1m[35m (0.2ms)[0m  [1m[36mbegin transaction[0m
  [1m[35mSQL (0.9ms)[0m  [1m[32mINSERT INTO "articles" ("nom", "body", "description", "created_at", "updated_at") VALUES (?, ?, ?, ?, ?)[0m  [["nom", "Vicky Kuhn"], ["body", "Nemo veniam tempore voluptatibus laborum."], ["description", "Id in occaecati repellat quis iusto similique."], ["created_at", "2018-04-24 12:13:24.448611"], ["updated_at", "2018-04-24 12:13:24.448611"]]
  [1m[35m (4.5ms)[0m  [1m[36mcommit transaction[0m
  [1m[35m (0.3ms)[0m  [1m[36mbegin transaction[0m
  [1m[35mSQL (1.1ms)[0m  [1m[32mINSERT INTO "users" ("name", "created_at", "updated_at", "article") VALUES (?, ?, ?, ?)[0m  [["name", "Kenyon Tromp"], ["created_at", "2018-04-24 12:13:24.463077"], ["updated_at", "2018-04-24 12:13:24.463077"], ["article", "Officiis molestias excepturi itaque."]]
  [1m[35m (10.3ms)[0m  [1m[36mcommit transaction[0m
  [1m[35m (0.3ms)[0m  [1m[36mbegin transaction[0m
  [1m[35mSQL (1.0ms)[0m  [1m[32mINSERT INTO "articles" ("nom", "body", "description", "created_at", "updated_at") VALUES (?, ?, ?, ?, ?)[0m  [["nom", "Maymie Williamson I"], ["body", "Ut nobis quisquam voluptate rerum nisi mollitia."], ["description", "Ad necessitatibus non tenetur."], ["created_at", "2018-04-24 12:13:24.486955"], ["updated_at", "2018-04-24 12:13:24.486955"]]
  [1m[35m (5.6ms)[0m  [1m[36mcommit transaction[0m
  [1m[35m (0.2ms)[0m  [1m[36mbegin transaction[0m
  [1m[35mSQL (0.9ms)[0m  [1m[32mINSERT INTO "users" ("name", "created_at", "updated_at", "article") VALUES (?, ?, ?, ?)[0m  [["name", "Gina Upton"], ["created_at", "2018-04-24 12:13:24.504327"], ["updated_at", "2018-04-24 12:13:24.504327"], ["article", "Reprehenderit ipsa aliquam enim aut."]]
  [1m[35m (4.8ms)[0m  [1m[36mcommit transaction[0m
  [1m[35m (0.2ms)[0m  [1m[36mbegin transaction[0m
  [1m[35mSQL (1.0ms)[0m  [1m[32mINSERT INTO "articles" ("nom", "body", "description", "created_at", "updated_at") VALUES (?, ?, ?, ?, ?)[0m  [["nom", "Dr. Hershel Parker"], ["body", "Ut est in blanditiis voluptatum."], ["description", "Illo numquam reprehenderit in placeat perferendis et hic expedita."], ["created_at", "2018-04-24 12:13:24.519316"], ["updated_at", "2018-04-24 12:13:24.519316"]]
  [1m[35m (5.9ms)[0m  [1m[36mcommit transaction[0m
  [1m[35m (0.3ms)[0m  [1m[36mbegin transaction[0m
  [1m[35mSQL (0.9ms)[0m  [1m[32mINSERT INTO "users" ("name", "created_at", "updated_at", "article") VALUES (?, ?, ?, ?)[0m  [["name", "Garth Grady"], ["created_at", "2018-04-24 12:13:24.536220"], ["updated_at", "2018-04-24 12:13:24.536220"], ["article", "Quam qui aut totam provident mollitia odit."]]
  [1m[35m (4.4ms)[0m  [1m[36mcommit transaction[0m
  [1m[35m (0.2ms)[0m  [1m[36mbegin transaction[0m
  [1m[35mSQL (0.9ms)[0m  [1m[32mINSERT INTO "articles" ("nom", "body", "description", "created_at", "updated_at") VALUES (?, ?, ?, ?, ?)[0m  [["nom", "Kaylin Dooley V"], ["body", "Expedita sint voluptas adipisci sit repellendus voluptas ut."], ["description", "Enim provident harum nihil quidem incidunt facere."], ["created_at", "2018-04-24 12:13:24.553023"], ["updated_at", "2018-04-24 12:13:24.553023"]]
  [1m[35m (5.9ms)[0m  [1m[36mcommit transaction[0m
  [1m[36mUser Load (3.7ms)[0m  [1m[34mSELECT  "users".* FROM "users" LIMIT ?[0m  [["LIMIT", 11]]
  [1m[36mArticle Load (1.5ms)[0m  [1m[34mSELECT  "articles".* FROM "articles" LIMIT ?[0m  [["LIMIT", 11]]
